d:\code\hdnnlib\hdnnlib\f0extraction\x64\release\vc120.pdb
d:\code\hdnnlib\hdnnlib\f0extraction\x64\release\sigproc.obj
d:\code\hdnnlib\hdnnlib\f0extraction\x64\release\hwave.obj
d:\code\hdnnlib\hdnnlib\f0extraction\x64\release\hvq.obj
d:\code\hdnnlib\hdnnlib\f0extraction\x64\release\hsigp.obj
d:\code\hdnnlib\hdnnlib\f0extraction\x64\release\hshell.obj
d:\code\hdnnlib\hdnnlib\f0extraction\x64\release\hparm.obj
d:\code\hdnnlib\hdnnlib\f0extraction\x64\release\hmem.obj
d:\code\hdnnlib\hdnnlib\f0extraction\x64\release\hmath.obj
d:\code\hdnnlib\hdnnlib\f0extraction\x64\release\haudio.obj
d:\code\hdnnlib\hdnnlib\f0extraction\x64\release\get_f0.obj
d:\code\hdnnlib\hdnnlib\f0extraction\x64\release\get_cands.obj
d:\code\hdnnlib\hdnnlib\f0extraction\x64\release\f0extraction.obj
d:\code\hdnnlib\hdnnlib\f0extraction\x64\release\dp_f0.obj
d:\code\hdnnlib\hdnnlib\x64\release\f0extraction.lib
d:\code\hdnnlib\hdnnlib\x64\release\f0extraction.exp
d:\code\hdnnlib\hdnnlib\x64\release\f0extraction.dll
d:\code\hdnnlib\hdnnlib\x64\release\f0extraction.pdb
d:\code\hdnnlib\hdnnlib\f0extraction\x64\release\f0extraction.tlog\cl.command.1.tlog
d:\code\hdnnlib\hdnnlib\f0extraction\x64\release\f0extraction.tlog\cl.read.1.tlog
d:\code\hdnnlib\hdnnlib\f0extraction\x64\release\f0extraction.tlog\cl.write.1.tlog
d:\code\hdnnlib\hdnnlib\f0extraction\x64\release\f0extraction.tlog\f0extraction.write.1u.tlog
d:\code\hdnnlib\hdnnlib\f0extraction\x64\release\f0extraction.tlog\link.command.1.tlog
d:\code\hdnnlib\hdnnlib\f0extraction\x64\release\f0extraction.tlog\link.read.1.tlog
d:\code\hdnnlib\hdnnlib\f0extraction\x64\release\f0extraction.tlog\link.write.1.tlog
