Build started 1/26/2016 7:30:30 PM.
     1>Project "D:\code\HDNNLib\HDNNLib\F0Extraction\F0Extraction.vcxproj" on node 4 (Rebuild target(s)).
     1>ClCompile:
         C:\Program Files (x86)\Microsoft Visual Studio 12.0\VC\bin\x86_amd64\CL.exe /c /Zi /nologo /W3 /WX- /Od /D WIN32 /D _DEBUG /D _WINDOWS /D _USRDLL /D F0EXTRACTION_EXPORTS /D _WINDLL /D _UNICODE /D UNICODE /Gm /EHa /RTC1 /MTd /GS /fp:precise /Zc:wchar_t /Zc:forScope /Fo"x64\Debug\\" /Fd"x64\Debug\vc120.pdb" /FR"x64\Debug\\" /Gd /TP /errorReport:prompt dp_f0.cpp F0Extraction.cpp get_cands.cpp get_f0.cpp HAudio.c HMath.c HMem.c HParm.c HShell.c HSigP.c HVQ.c HWave.c sigproc.cpp
         sigproc.cpp
         HWave.c
     1>d:\code\hdnnlib\hdnnlib\f0extraction\esignal.h(91): warning C4005: 'OPTIONAL' : macro redefinition
                 C:\Program Files (x86)\Windows Kits\8.1\Include\shared\minwindef.h(87) : see previous definition of 'OPTIONAL'
     1>HWave.c(408): warning C4267: '=' : conversion from 'size_t' to 'long', possible loss of data
     1>HWave.c(681): warning C4996: 'strcpy': This function or variable may be unsafe. Consider using strcpy_s instead. To disable deprecation, use _CRT_SECURE_NO_WARNINGS. See online help for details.
                 C:\Program Files (x86)\Microsoft Visual Studio 12.0\VC\include\string.h(112) : see declaration of 'strcpy'
     1>HWave.c(683): warning C4996: 'strcat': This function or variable may be unsafe. Consider using strcat_s instead. To disable deprecation, use _CRT_SECURE_NO_WARNINGS. See online help for details.
                 C:\Program Files (x86)\Microsoft Visual Studio 12.0\VC\include\string.h(118) : see declaration of 'strcat'
     1>HWave.c(690): warning C4996: 'strcpy': This function or variable may be unsafe. Consider using strcpy_s instead. To disable deprecation, use _CRT_SECURE_NO_WARNINGS. See online help for details.
                 C:\Program Files (x86)\Microsoft Visual Studio 12.0\VC\include\string.h(112) : see declaration of 'strcpy'
     1>HWave.c(691): warning C4996: 'strcpy': This function or variable may be unsafe. Consider using strcpy_s instead. To disable deprecation, use _CRT_SECURE_NO_WARNINGS. See online help for details.
                 C:\Program Files (x86)\Microsoft Visual Studio 12.0\VC\include\string.h(112) : see declaration of 'strcpy'
     1>HWave.c(1438): warning C4996: 'strcpy': This function or variable may be unsafe. Consider using strcpy_s instead. To disable deprecation, use _CRT_SECURE_NO_WARNINGS. See online help for details.
                 C:\Program Files (x86)\Microsoft Visual Studio 12.0\VC\include\string.h(112) : see declaration of 'strcpy'
     1>HWave.c(1564): warning C4101: 'enindex' : unreferenced local variable
     1>HWave.c(1563): warning C4101: 'actfile' : unreferenced local variable
     1>HWave.c(1564): warning C4101: 'stindex' : unreferenced local variable
     1>HWave.c(1729): warning C4101: 'enindex' : unreferenced local variable
     1>HWave.c(1728): warning C4101: 'actfile' : unreferenced local variable
     1>HWave.c(1729): warning C4101: 'stindex' : unreferenced local variable
         HVQ.c
     1>HVQ.c(54): warning C4305: 'argument' : truncation from 'double' to 'float'
     1>HVQ.c(116): warning C4244: '=' : conversion from 'double' to 'float', possible loss of data
     1>HVQ.c(125): warning C4244: 'return' : conversion from 'double' to 'float', possible loss of data
     1>HVQ.c(345): warning C4996: 'fopen': This function or variable may be unsafe. Consider using fopen_s instead. To disable deprecation, use _CRT_SECURE_NO_WARNINGS. See online help for details.
                 C:\Program Files (x86)\Microsoft Visual Studio 12.0\VC\include\stdio.h(211) : see declaration of 'fopen'
         HSigP.c
     1>HSigP.c(143): warning C4244: '=' : conversion from 'double' to 'float', possible loss of data
     1>HSigP.c(145): warning C4244: '=' : conversion from 'double' to 'float', possible loss of data
     1>HSigP.c(170): warning C4244: '*=' : conversion from 'double' to 'float', possible loss of data
     1>HSigP.c(352): warning C4244: '=' : conversion from 'double' to 'float', possible loss of data
     1>HSigP.c(374): warning C4244: '=' : conversion from 'double' to 'float', possible loss of data
     1>HSigP.c(375): warning C4244: '=' : conversion from 'double' to 'float', possible loss of data
     1>HSigP.c(408): warning C4244: '=' : conversion from 'double' to 'float', possible loss of data
     1>HSigP.c(409): warning C4244: '=' : conversion from 'double' to 'float', possible loss of data
     1>HSigP.c(410): warning C4244: '=' : conversion from 'double' to 'float', possible loss of data
     1>HSigP.c(411): warning C4244: '=' : conversion from 'double' to 'float', possible loss of data
     1>HSigP.c(417): warning C4244: '=' : conversion from 'double' to 'float', possible loss of data
     1>HSigP.c(441): warning C4244: '=' : conversion from 'double' to 'float', possible loss of data
     1>HSigP.c(456): warning C4244: '=' : conversion from 'double' to 'float', possible loss of data
     1>HSigP.c(460): warning C4305: '+=' : truncation from 'double' to 'float'
     1>HSigP.c(462): warning C4305: '-=' : truncation from 'double' to 'float'
     1>HSigP.c(482): warning C4244: 'initializing' : conversion from 'double' to 'float', possible loss of data
     1>HSigP.c(518): warning C4244: '=' : conversion from 'double' to 'float', possible loss of data
     1>HSigP.c(524): warning C4244: '=' : conversion from 'double' to 'float', possible loss of data
     1>HSigP.c(529): warning C4244: '=' : conversion from 'double' to 'float', possible loss of data
     1>HSigP.c(546): warning C4244: 'initializing' : conversion from 'double' to 'float', possible loss of data
     1>HSigP.c(547): warning C4244: 'initializing' : conversion from 'double' to 'float', possible loss of data
     1>HSigP.c(550): warning C4244: '=' : conversion from 'double' to 'float', possible loss of data
     1>HSigP.c(552): warning C4244: '=' : conversion from 'double' to 'float', possible loss of data
     1>HSigP.c(641): warning C4244: '=' : conversion from 'double' to 'float', possible loss of data
     1>HSigP.c(642): warning C4244: '=' : conversion from 'double' to 'float', possible loss of data
     1>HSigP.c(646): warning C4244: '+=' : conversion from 'double' to 'float', possible loss of data
     1>HSigP.c(681): warning C4244: '=' : conversion from 'double' to 'float', possible loss of data
     1>HSigP.c(702): warning C4244: '=' : conversion from 'double' to 'float', possible loss of data
     1>HSigP.c(703): warning C4244: '=' : conversion from 'double' to 'float', possible loss of data
     1>HSigP.c(730): warning C4244: '=' : conversion from 'double' to 'float', possible loss of data
     1>HSigP.c(789): warning C4244: '=' : conversion from 'double' to 'float', possible loss of data
     1>HSigP.c(790): warning C4244: '=' : conversion from 'double' to 'float', possible loss of data
     1>HSigP.c(792): warning C4244: '=' : conversion from 'double' to 'float', possible loss of data
     1>HSigP.c(841): warning C4244: '=' : conversion from 'double' to 'float', possible loss of data
     1>HSigP.c(947): warning C4244: '=' : conversion from 'double' to 'float', possible loss of data
     1>HSigP.c(952): warning C4244: '=' : conversion from 'double' to 'float', possible loss of data
         HShell.c
     1>HShell.c(108): warning C4996: 'strcpy': This function or variable may be unsafe. Consider using strcpy_s instead. To disable deprecation, use _CRT_SECURE_NO_WARNINGS. See online help for details.
                 C:\Program Files (x86)\Microsoft Visual Studio 12.0\VC\include\string.h(112) : see declaration of 'strcpy'
     1>HShell.c(136): warning C4996: 'strcpy': This function or variable may be unsafe. Consider using strcpy_s instead. To disable deprecation, use _CRT_SECURE_NO_WARNINGS. See online help for details.
                 C:\Program Files (x86)\Microsoft Visual Studio 12.0\VC\include\string.h(112) : see declaration of 'strcpy'
     1>HShell.c(137): warning C4996: 'strcpy': This function or variable may be unsafe. Consider using strcpy_s instead. To disable deprecation, use _CRT_SECURE_NO_WARNINGS. See online help for details.
                 C:\Program Files (x86)\Microsoft Visual Studio 12.0\VC\include\string.h(112) : see declaration of 'strcpy'
     1>HShell.c(139): warning C4996: 'strcpy': This function or variable may be unsafe. Consider using strcpy_s instead. To disable deprecation, use _CRT_SECURE_NO_WARNINGS. See online help for details.
                 C:\Program Files (x86)\Microsoft Visual Studio 12.0\VC\include\string.h(112) : see declaration of 'strcpy'
     1>HShell.c(140): warning C4996: 'strcpy': This function or variable may be unsafe. Consider using strcpy_s instead. To disable deprecation, use _CRT_SECURE_NO_WARNINGS. See online help for details.
                 C:\Program Files (x86)\Microsoft Visual Studio 12.0\VC\include\string.h(112) : see declaration of 'strcpy'
     1>HShell.c(204): warning C4996: 'strcpy': This function or variable may be unsafe. Consider using strcpy_s instead. To disable deprecation, use _CRT_SECURE_NO_WARNINGS. See online help for details.
                 C:\Program Files (x86)\Microsoft Visual Studio 12.0\VC\include\string.h(112) : see declaration of 'strcpy'
     1>HShell.c(236): warning C4996: 'strcpy': This function or variable may be unsafe. Consider using strcpy_s instead. To disable deprecation, use _CRT_SECURE_NO_WARNINGS. See online help for details.
                 C:\Program Files (x86)\Microsoft Visual Studio 12.0\VC\include\string.h(112) : see declaration of 'strcpy'
     1>HShell.c(238): warning C4996: 'strcpy': This function or variable may be unsafe. Consider using strcpy_s instead. To disable deprecation, use _CRT_SECURE_NO_WARNINGS. See online help for details.
                 C:\Program Files (x86)\Microsoft Visual Studio 12.0\VC\include\string.h(112) : see declaration of 'strcpy'
     1>HShell.c(250): warning C4996: 'strcpy': This function or variable may be unsafe. Consider using strcpy_s instead. To disable deprecation, use _CRT_SECURE_NO_WARNINGS. See online help for details.
                 C:\Program Files (x86)\Microsoft Visual Studio 12.0\VC\include\string.h(112) : see declaration of 'strcpy'
     1>HShell.c(412): warning C4996: 'strcat': This function or variable may be unsafe. Consider using strcat_s instead. To disable deprecation, use _CRT_SECURE_NO_WARNINGS. See online help for details.
                 C:\Program Files (x86)\Microsoft Visual Studio 12.0\VC\include\string.h(118) : see declaration of 'strcat'
     1>HShell.c(423): warning C4996: 'strcpy': This function or variable may be unsafe. Consider using strcpy_s instead. To disable deprecation, use _CRT_SECURE_NO_WARNINGS. See online help for details.
                 C:\Program Files (x86)\Microsoft Visual Studio 12.0\VC\include\string.h(112) : see declaration of 'strcpy'
     1>HShell.c(453): warning C4996: 'strcpy': This function or variable may be unsafe. Consider using strcpy_s instead. To disable deprecation, use _CRT_SECURE_NO_WARNINGS. See online help for details.
                 C:\Program Files (x86)\Microsoft Visual Studio 12.0\VC\include\string.h(112) : see declaration of 'strcpy'
     1>HShell.c(457): warning C4996: 'strcpy': This function or variable may be unsafe. Consider using strcpy_s instead. To disable deprecation, use _CRT_SECURE_NO_WARNINGS. See online help for details.
                 C:\Program Files (x86)\Microsoft Visual Studio 12.0\VC\include\string.h(112) : see declaration of 'strcpy'
     1>HShell.c(478): warning C4996: 'strcpy': This function or variable may be unsafe. Consider using strcpy_s instead. To disable deprecation, use _CRT_SECURE_NO_WARNINGS. See online help for details.
                 C:\Program Files (x86)\Microsoft Visual Studio 12.0\VC\include\string.h(112) : see declaration of 'strcpy'
     1>HShell.c(484): warning C4996: 'strcat': This function or variable may be unsafe. Consider using strcat_s instead. To disable deprecation, use _CRT_SECURE_NO_WARNINGS. See online help for details.
                 C:\Program Files (x86)\Microsoft Visual Studio 12.0\VC\include\string.h(118) : see declaration of 'strcat'
     1>HShell.c(588): warning C4996: 'strcpy': This function or variable may be unsafe. Consider using strcpy_s instead. To disable deprecation, use _CRT_SECURE_NO_WARNINGS. See online help for details.
                 C:\Program Files (x86)\Microsoft Visual Studio 12.0\VC\include\string.h(112) : see declaration of 'strcpy'
     1>HShell.c(789): warning C4996: 'sscanf': This function or variable may be unsafe. Consider using sscanf_s instead. To disable deprecation, use _CRT_SECURE_NO_WARNINGS. See online help for details.
                 C:\Program Files (x86)\Microsoft Visual Studio 12.0\VC\include\stdio.h(304) : see declaration of 'sscanf'
     1>HShell.c(803): warning C4996: 'sscanf': This function or variable may be unsafe. Consider using sscanf_s instead. To disable deprecation, use _CRT_SECURE_NO_WARNINGS. See online help for details.
                 C:\Program Files (x86)\Microsoft Visual Studio 12.0\VC\include\stdio.h(304) : see declaration of 'sscanf'
     1>HShell.c(815): warning C4244: 'return' : conversion from 'double' to 'float', possible loss of data
     1>HShell.c(863): warning C4996: 'getenv': This function or variable may be unsafe. Consider using _dupenv_s instead. To disable deprecation, use _CRT_SECURE_NO_WARNINGS. See online help for details.
                 C:\Program Files (x86)\Microsoft Visual Studio 12.0\VC\include\stdlib.h(462) : see declaration of 'getenv'
     1>HShell.c(875): warning C4996: 'fopen': This function or variable may be unsafe. Consider using fopen_s instead. To disable deprecation, use _CRT_SECURE_NO_WARNINGS. See online help for details.
                 C:\Program Files (x86)\Microsoft Visual Studio 12.0\VC\include\stdio.h(211) : see declaration of 'fopen'
     1>HShell.c(904): warning C4996: 'getenv': This function or variable may be unsafe. Consider using _dupenv_s instead. To disable deprecation, use _CRT_SECURE_NO_WARNINGS. See online help for details.
                 C:\Program Files (x86)\Microsoft Visual Studio 12.0\VC\include\stdlib.h(462) : see declaration of 'getenv'
     1>HShell.c(905): warning C4996: 'strcpy': This function or variable may be unsafe. Consider using strcpy_s instead. To disable deprecation, use _CRT_SECURE_NO_WARNINGS. See online help for details.
                 C:\Program Files (x86)\Microsoft Visual Studio 12.0\VC\include\string.h(112) : see declaration of 'strcpy'
     1>HShell.c(921): warning C4996: 'strcpy': This function or variable may be unsafe. Consider using strcpy_s instead. To disable deprecation, use _CRT_SECURE_NO_WARNINGS. See online help for details.
                 C:\Program Files (x86)\Microsoft Visual Studio 12.0\VC\include\string.h(112) : see declaration of 'strcpy'
     1>HShell.c(922): warning C4996: 'strcpy': This function or variable may be unsafe. Consider using strcpy_s instead. To disable deprecation, use _CRT_SECURE_NO_WARNINGS. See online help for details.
                 C:\Program Files (x86)\Microsoft Visual Studio 12.0\VC\include\string.h(112) : see declaration of 'strcpy'
     1>HShell.c(943): warning C4996: 'strcpy': This function or variable may be unsafe. Consider using strcpy_s instead. To disable deprecation, use _CRT_SECURE_NO_WARNINGS. See online help for details.
                 C:\Program Files (x86)\Microsoft Visual Studio 12.0\VC\include\string.h(112) : see declaration of 'strcpy'
     1>HShell.c(946): warning C4996: 'strcpy': This function or variable may be unsafe. Consider using strcpy_s instead. To disable deprecation, use _CRT_SECURE_NO_WARNINGS. See online help for details.
                 C:\Program Files (x86)\Microsoft Visual Studio 12.0\VC\include\string.h(112) : see declaration of 'strcpy'
     1>HShell.c(960): warning C4996: 'strcat': This function or variable may be unsafe. Consider using strcat_s instead. To disable deprecation, use _CRT_SECURE_NO_WARNINGS. See online help for details.
                 C:\Program Files (x86)\Microsoft Visual Studio 12.0\VC\include\string.h(118) : see declaration of 'strcat'
     1>HShell.c(962): warning C4996: 'fopen': This function or variable may be unsafe. Consider using fopen_s instead. To disable deprecation, use _CRT_SECURE_NO_WARNINGS. See online help for details.
                 C:\Program Files (x86)\Microsoft Visual Studio 12.0\VC\include\stdio.h(211) : see declaration of 'fopen'
     1>HShell.c(993): warning C4996: 'strcpy': This function or variable may be unsafe. Consider using strcpy_s instead. To disable deprecation, use _CRT_SECURE_NO_WARNINGS. See online help for details.
                 C:\Program Files (x86)\Microsoft Visual Studio 12.0\VC\include\string.h(112) : see declaration of 'strcpy'
     1>HShell.c(1007): warning C4996: 'strcpy': This function or variable may be unsafe. Consider using strcpy_s instead. To disable deprecation, use _CRT_SECURE_NO_WARNINGS. See online help for details.
                 C:\Program Files (x86)\Microsoft Visual Studio 12.0\VC\include\string.h(112) : see declaration of 'strcpy'
     1>HShell.c(1026): warning C4996: 'sprintf': This function or variable may be unsafe. Consider using sprintf_s instead. To disable deprecation, use _CRT_SECURE_NO_WARNINGS. See online help for details.
                 C:\Program Files (x86)\Microsoft Visual Studio 12.0\VC\include\stdio.h(356) : see declaration of 'sprintf'
     1>HShell.c(1037): warning C4996: 'sprintf': This function or variable may be unsafe. Consider using sprintf_s instead. To disable deprecation, use _CRT_SECURE_NO_WARNINGS. See online help for details.
                 C:\Program Files (x86)\Microsoft Visual Studio 12.0\VC\include\stdio.h(356) : see declaration of 'sprintf'
     1>HShell.c(1402): warning C4996: 'fscanf': This function or variable may be unsafe. Consider using fscanf_s instead. To disable deprecation, use _CRT_SECURE_NO_WARNINGS. See online help for details.
                 C:\Program Files (x86)\Microsoft Visual Studio 12.0\VC\include\stdio.h(230) : see declaration of 'fscanf'
     1>HShell.c(1430): warning C4996: 'fscanf': This function or variable may be unsafe. Consider using fscanf_s instead. To disable deprecation, use _CRT_SECURE_NO_WARNINGS. See online help for details.
                 C:\Program Files (x86)\Microsoft Visual Studio 12.0\VC\include\stdio.h(230) : see declaration of 'fscanf'
     1>HShell.c(1458): warning C4996: 'fscanf': This function or variable may be unsafe. Consider using fscanf_s instead. To disable deprecation, use _CRT_SECURE_NO_WARNINGS. See online help for details.
                 C:\Program Files (x86)\Microsoft Visual Studio 12.0\VC\include\stdio.h(230) : see declaration of 'fscanf'
     1>HShell.c(1489): warning C4101: 'c' : unreferenced local variable
     1>HShell.c(1780): warning C4996: 'strcpy': This function or variable may be unsafe. Consider using strcpy_s instead. To disable deprecation, use _CRT_SECURE_NO_WARNINGS. See online help for details.
                 C:\Program Files (x86)\Microsoft Visual Studio 12.0\VC\include\string.h(112) : see declaration of 'strcpy'
     1>HShell.c(1801): warning C4996: 'strcpy': This function or variable may be unsafe. Consider using strcpy_s instead. To disable deprecation, use _CRT_SECURE_NO_WARNINGS. See online help for details.
                 C:\Program Files (x86)\Microsoft Visual Studio 12.0\VC\include\string.h(112) : see declaration of 'strcpy'
     1>HShell.c(1820): warning C4996: 'strcpy': This function or variable may be unsafe. Consider using strcpy_s instead. To disable deprecation, use _CRT_SECURE_NO_WARNINGS. See online help for details.
                 C:\Program Files (x86)\Microsoft Visual Studio 12.0\VC\include\string.h(112) : see declaration of 'strcpy'
     1>HShell.c(1834): warning C4996: 'strcpy': This function or variable may be unsafe. Consider using strcpy_s instead. To disable deprecation, use _CRT_SECURE_NO_WARNINGS. See online help for details.
                 C:\Program Files (x86)\Microsoft Visual Studio 12.0\VC\include\string.h(112) : see declaration of 'strcpy'
     1>HShell.c(1838): warning C4996: 'strcpy': This function or variable may be unsafe. Consider using strcpy_s instead. To disable deprecation, use _CRT_SECURE_NO_WARNINGS. See online help for details.
                 C:\Program Files (x86)\Microsoft Visual Studio 12.0\VC\include\string.h(112) : see declaration of 'strcpy'
     1>HShell.c(1839): warning C4267: '=' : conversion from 'size_t' to 'int', possible loss of data
     1>HShell.c(1844): warning C4996: 'strcpy': This function or variable may be unsafe. Consider using strcpy_s instead. To disable deprecation, use _CRT_SECURE_NO_WARNINGS. See online help for details.
                 C:\Program Files (x86)\Microsoft Visual Studio 12.0\VC\include\string.h(112) : see declaration of 'strcpy'
     1>HShell.c(1845): warning C4996: 'strcat': This function or variable may be unsafe. Consider using strcat_s instead. To disable deprecation, use _CRT_SECURE_NO_WARNINGS. See online help for details.
                 C:\Program Files (x86)\Microsoft Visual Studio 12.0\VC\include\string.h(118) : see declaration of 'strcat'
     1>HShell.c(1847): warning C4996: 'strcat': This function or variable may be unsafe. Consider using strcat_s instead. To disable deprecation, use _CRT_SECURE_NO_WARNINGS. See online help for details.
                 C:\Program Files (x86)\Microsoft Visual Studio 12.0\VC\include\string.h(118) : see declaration of 'strcat'
     1>HShell.c(1848): warning C4996: 'strcat': This function or variable may be unsafe. Consider using strcat_s instead. To disable deprecation, use _CRT_SECURE_NO_WARNINGS. See online help for details.
                 C:\Program Files (x86)\Microsoft Visual Studio 12.0\VC\include\string.h(118) : see declaration of 'strcat'
     1>HShell.c(1858): warning C4996: 'sprintf': This function or variable may be unsafe. Consider using sprintf_s instead. To disable deprecation, use _CRT_SECURE_NO_WARNINGS. See online help for details.
                 C:\Program Files (x86)\Microsoft Visual Studio 12.0\VC\include\stdio.h(356) : see declaration of 'sprintf'
     1>HShell.c(1860): warning C4996: 'strcat': This function or variable may be unsafe. Consider using strcat_s instead. To disable deprecation, use _CRT_SECURE_NO_WARNINGS. See online help for details.
                 C:\Program Files (x86)\Microsoft Visual Studio 12.0\VC\include\string.h(118) : see declaration of 'strcat'
     1>HShell.c(1861): warning C4996: 'strcat': This function or variable may be unsafe. Consider using strcat_s instead. To disable deprecation, use _CRT_SECURE_NO_WARNINGS. See online help for details.
                 C:\Program Files (x86)\Microsoft Visual Studio 12.0\VC\include\string.h(118) : see declaration of 'strcat'
     1>HShell.c(1862): warning C4996: 'strcat': This function or variable may be unsafe. Consider using strcat_s instead. To disable deprecation, use _CRT_SECURE_NO_WARNINGS. See online help for details.
                 C:\Program Files (x86)\Microsoft Visual Studio 12.0\VC\include\string.h(118) : see declaration of 'strcat'
     1>HShell.c(1896): warning C4267: '=' : conversion from 'size_t' to 'int', possible loss of data
     1>HShell.c(1942): warning C4267: '=' : conversion from 'size_t' to 'int', possible loss of data
     1>HShell.c(1967): warning C4267: '+=' : conversion from 'size_t' to 'int', possible loss of data
     1>HShell.c(1970): warning C4996: 'strcat': This function or variable may be unsafe. Consider using strcat_s instead. To disable deprecation, use _CRT_SECURE_NO_WARNINGS. See online help for details.
                 C:\Program Files (x86)\Microsoft Visual Studio 12.0\VC\include\string.h(118) : see declaration of 'strcat'
     1>HShell.c(1972): warning C4996: 'sprintf': This function or variable may be unsafe. Consider using sprintf_s instead. To disable deprecation, use _CRT_SECURE_NO_WARNINGS. See online help for details.
                 C:\Program Files (x86)\Microsoft Visual Studio 12.0\VC\include\stdio.h(356) : see declaration of 'sprintf'
     1>HShell.c(1996): warning C4996: 'getenv': This function or variable may be unsafe. Consider using _dupenv_s instead. To disable deprecation, use _CRT_SECURE_NO_WARNINGS. See online help for details.
                 C:\Program Files (x86)\Microsoft Visual Studio 12.0\VC\include\stdlib.h(462) : see declaration of 'getenv'
     1>HShell.c(2005): warning C4996: '_fmode': This function or variable may be unsafe. Consider using _get_fmode instead. To disable deprecation, use _CRT_SECURE_NO_WARNINGS. See online help for details.
                 C:\Program Files (x86)\Microsoft Visual Studio 12.0\VC\include\stdlib.h(346) : see declaration of '_fmode'
         HParm.c
     1>d:\code\hdnnlib\hdnnlib\f0extraction\esignal.h(91): warning C4005: 'OPTIONAL' : macro redefinition
                 C:\Program Files (x86)\Windows Kits\8.1\Include\shared\minwindef.h(87) : see previous definition of 'OPTIONAL'
     1>HParm.c(367): warning C4305: 'initializing' : truncation from 'double' to 'float'
     1>HParm.c(615): warning C4996: 'strcpy': This function or variable may be unsafe. Consider using strcpy_s instead. To disable deprecation, use _CRT_SECURE_NO_WARNINGS. See online help for details.
                 C:\Program Files (x86)\Microsoft Visual Studio 12.0\VC\include\string.h(112) : see declaration of 'strcpy'
     1>HParm.c(653): warning C4244: '=' : conversion from 'double' to 'float', possible loss of data
     1>HParm.c(656): warning C4244: '=' : conversion from 'double' to 'float', possible loss of data
     1>HParm.c(657): warning C4244: '=' : conversion from 'double' to 'float', possible loss of data
     1>HParm.c(658): warning C4244: '=' : conversion from 'double' to 'float', possible loss of data
     1>HParm.c(659): warning C4244: '=' : conversion from 'double' to 'float', possible loss of data
     1>HParm.c(660): warning C4244: '=' : conversion from 'double' to 'float', possible loss of data
     1>HParm.c(661): warning C4244: '=' : conversion from 'double' to 'float', possible loss of data
     1>HParm.c(663): warning C4244: '=' : conversion from 'double' to 'float', possible loss of data
     1>HParm.c(668): warning C4244: '=' : conversion from 'double' to 'float', possible loss of data
     1>HParm.c(669): warning C4244: '=' : conversion from 'double' to 'float', possible loss of data
     1>HParm.c(675): warning C4244: '=' : conversion from 'double' to 'float', possible loss of data
     1>HParm.c(676): warning C4244: '=' : conversion from 'double' to 'float', possible loss of data
     1>HParm.c(677): warning C4244: '=' : conversion from 'double' to 'float', possible loss of data
     1>HParm.c(688): warning C4244: '=' : conversion from 'double' to 'float', possible loss of data
     1>HParm.c(934): warning C4996: 'strcpy': This function or variable may be unsafe. Consider using strcpy_s instead. To disable deprecation, use _CRT_SECURE_NO_WARNINGS. See online help for details.
                 C:\Program Files (x86)\Microsoft Visual Studio 12.0\VC\include\string.h(112) : see declaration of 'strcpy'
     1>HParm.c(935): warning C4996: 'strcat': This function or variable may be unsafe. Consider using strcat_s instead. To disable deprecation, use _CRT_SECURE_NO_WARNINGS. See online help for details.
                 C:\Program Files (x86)\Microsoft Visual Studio 12.0\VC\include\string.h(118) : see declaration of 'strcat'
     1>HParm.c(936): warning C4996: 'strcat': This function or variable may be unsafe. Consider using strcat_s instead. To disable deprecation, use _CRT_SECURE_NO_WARNINGS. See online help for details.
                 C:\Program Files (x86)\Microsoft Visual Studio 12.0\VC\include\string.h(118) : see declaration of 'strcat'
     1>HParm.c(937): warning C4996: 'strcat': This function or variable may be unsafe. Consider using strcat_s instead. To disable deprecation, use _CRT_SECURE_NO_WARNINGS. See online help for details.
                 C:\Program Files (x86)\Microsoft Visual Studio 12.0\VC\include\string.h(118) : see declaration of 'strcat'
     1>HParm.c(938): warning C4996: 'strcat': This function or variable may be unsafe. Consider using strcat_s instead. To disable deprecation, use _CRT_SECURE_NO_WARNINGS. See online help for details.
                 C:\Program Files (x86)\Microsoft Visual Studio 12.0\VC\include\string.h(118) : see declaration of 'strcat'
     1>HParm.c(939): warning C4996: 'strcat': This function or variable may be unsafe. Consider using strcat_s instead. To disable deprecation, use _CRT_SECURE_NO_WARNINGS. See online help for details.
                 C:\Program Files (x86)\Microsoft Visual Studio 12.0\VC\include\string.h(118) : see declaration of 'strcat'
     1>HParm.c(940): warning C4996: 'strcat': This function or variable may be unsafe. Consider using strcat_s instead. To disable deprecation, use _CRT_SECURE_NO_WARNINGS. See online help for details.
                 C:\Program Files (x86)\Microsoft Visual Studio 12.0\VC\include\string.h(118) : see declaration of 'strcat'
     1>HParm.c(941): warning C4996: 'strcat': This function or variable may be unsafe. Consider using strcat_s instead. To disable deprecation, use _CRT_SECURE_NO_WARNINGS. See online help for details.
                 C:\Program Files (x86)\Microsoft Visual Studio 12.0\VC\include\string.h(118) : see declaration of 'strcat'
     1>HParm.c(942): warning C4996: 'strcat': This function or variable may be unsafe. Consider using strcat_s instead. To disable deprecation, use _CRT_SECURE_NO_WARNINGS. See online help for details.
                 C:\Program Files (x86)\Microsoft Visual Studio 12.0\VC\include\string.h(118) : see declaration of 'strcat'
     1>HParm.c(943): warning C4996: 'strcat': This function or variable may be unsafe. Consider using strcat_s instead. To disable deprecation, use _CRT_SECURE_NO_WARNINGS. See online help for details.
                 C:\Program Files (x86)\Microsoft Visual Studio 12.0\VC\include\string.h(118) : see declaration of 'strcat'
     1>HParm.c(944): warning C4996: 'strcat': This function or variable may be unsafe. Consider using strcat_s instead. To disable deprecation, use _CRT_SECURE_NO_WARNINGS. See online help for details.
                 C:\Program Files (x86)\Microsoft Visual Studio 12.0\VC\include\string.h(118) : see declaration of 'strcat'
     1>HParm.c(957): warning C4996: 'strcpy': This function or variable may be unsafe. Consider using strcpy_s instead. To disable deprecation, use _CRT_SECURE_NO_WARNINGS. See online help for details.
                 C:\Program Files (x86)\Microsoft Visual Studio 12.0\VC\include\string.h(112) : see declaration of 'strcpy'
     1>HParm.c(957): warning C4267: '=' : conversion from 'size_t' to 'int', possible loss of data
     1>HParm.c(1466): warning C4101: 'tmp' : unreferenced local variable
     1>HParm.c(2054): warning C4244: '+=' : conversion from 'double' to 'float', possible loss of data
     1>HParm.c(2109): warning C4244: '=' : conversion from 'double' to 'float', possible loss of data
     1>HParm.c(2125): warning C4244: '=' : conversion from 'double' to 'float', possible loss of data
     1>HParm.c(2128): warning C4244: 'return' : conversion from '__int64' to 'int', possible loss of data
     1>HParm.c(2275): warning C4244: '=' : conversion from 'double' to 'float', possible loss of data
     1>HParm.c(2292): warning C4244: '=' : conversion from 'double' to 'float', possible loss of data
     1>HParm.c(2381): warning C4244: '=' : conversion from 'double' to 'float', possible loss of data
     1>HParm.c(2390): warning C4244: '=' : conversion from 'double' to 'float', possible loss of data
     1>HParm.c(2429): warning C4244: '=' : conversion from 'double' to 'float', possible loss of data
     1>HParm.c(2434): warning C4244: '=' : conversion from 'double' to 'float', possible loss of data
     1>HParm.c(2484): warning C4244: '=' : conversion from 'double' to 'float', possible loss of data
     1>HParm.c(2498): warning C4244: '=' : conversion from 'double' to 'float', possible loss of data
     1>HParm.c(2787): warning C4996: 'strcpy': This function or variable may be unsafe. Consider using strcpy_s instead. To disable deprecation, use _CRT_SECURE_NO_WARNINGS. See online help for details.
                 C:\Program Files (x86)\Microsoft Visual Studio 12.0\VC\include\string.h(112) : see declaration of 'strcpy'
     1>HParm.c(2788): warning C4267: '=' : conversion from 'size_t' to 'int', possible loss of data
     1>HParm.c(2789): warning C4996: 'strcat': This function or variable may be unsafe. Consider using strcat_s instead. To disable deprecation, use _CRT_SECURE_NO_WARNINGS. See online help for details.
                 C:\Program Files (x86)\Microsoft Visual Studio 12.0\VC\include\string.h(118) : see declaration of 'strcat'
     1>HParm.c(2799): warning C4996: 'strcpy': This function or variable may be unsafe. Consider using strcpy_s instead. To disable deprecation, use _CRT_SECURE_NO_WARNINGS. See online help for details.
                 C:\Program Files (x86)\Microsoft Visual Studio 12.0\VC\include\string.h(112) : see declaration of 'strcpy'
     1>HParm.c(2800): warning C4996: 'sprintf': This function or variable may be unsafe. Consider using sprintf_s instead. To disable deprecation, use _CRT_SECURE_NO_WARNINGS. See online help for details.
                 C:\Program Files (x86)\Microsoft Visual Studio 12.0\VC\include\stdio.h(356) : see declaration of 'sprintf'
     1>HParm.c(2801): warning C4996: 'strcpy': This function or variable may be unsafe. Consider using strcpy_s instead. To disable deprecation, use _CRT_SECURE_NO_WARNINGS. See online help for details.
                 C:\Program Files (x86)\Microsoft Visual Studio 12.0\VC\include\string.h(112) : see declaration of 'strcpy'
     1>HParm.c(2803): warning C4267: '=' : conversion from 'size_t' to 'int', possible loss of data
     1>HParm.c(2804): warning C4996: 'strcat': This function or variable may be unsafe. Consider using strcat_s instead. To disable deprecation, use _CRT_SECURE_NO_WARNINGS. See online help for details.
                 C:\Program Files (x86)\Microsoft Visual Studio 12.0\VC\include\string.h(118) : see declaration of 'strcat'
     1>HParm.c(2809): warning C4996: 'strcpy': This function or variable may be unsafe. Consider using strcpy_s instead. To disable deprecation, use _CRT_SECURE_NO_WARNINGS. See online help for details.
                 C:\Program Files (x86)\Microsoft Visual Studio 12.0\VC\include\string.h(112) : see declaration of 'strcpy'
     1>HParm.c(2812): warning C4996: 'strcpy': This function or variable may be unsafe. Consider using strcpy_s instead. To disable deprecation, use _CRT_SECURE_NO_WARNINGS. See online help for details.
                 C:\Program Files (x86)\Microsoft Visual Studio 12.0\VC\include\string.h(112) : see declaration of 'strcpy'
     1>HParm.c(2814): warning C4996: 'strcpy': This function or variable may be unsafe. Consider using strcpy_s instead. To disable deprecation, use _CRT_SECURE_NO_WARNINGS. See online help for details.
                 C:\Program Files (x86)\Microsoft Visual Studio 12.0\VC\include\string.h(112) : see declaration of 'strcpy'
     1>HParm.c(2817): warning C4996: 'strcpy': This function or variable may be unsafe. Consider using strcpy_s instead. To disable deprecation, use _CRT_SECURE_NO_WARNINGS. See online help for details.
                 C:\Program Files (x86)\Microsoft Visual Studio 12.0\VC\include\string.h(112) : see declaration of 'strcpy'
     1>HParm.c(2821): warning C4996: 'strcpy': This function or variable may be unsafe. Consider using strcpy_s instead. To disable deprecation, use _CRT_SECURE_NO_WARNINGS. See online help for details.
                 C:\Program Files (x86)\Microsoft Visual Studio 12.0\VC\include\string.h(112) : see declaration of 'strcpy'
     1>HParm.c(2828): warning C4996: 'strcpy': This function or variable may be unsafe. Consider using strcpy_s instead. To disable deprecation, use _CRT_SECURE_NO_WARNINGS. See online help for details.
                 C:\Program Files (x86)\Microsoft Visual Studio 12.0\VC\include\string.h(112) : see declaration of 'strcpy'
     1>HParm.c(2837): warning C4996: 'strcpy': This function or variable may be unsafe. Consider using strcpy_s instead. To disable deprecation, use _CRT_SECURE_NO_WARNINGS. See online help for details.
                 C:\Program Files (x86)\Microsoft Visual Studio 12.0\VC\include\string.h(112) : see declaration of 'strcpy'
     1>HParm.c(2839): warning C4996: 'strcpy': This function or variable may be unsafe. Consider using strcpy_s instead. To disable deprecation, use _CRT_SECURE_NO_WARNINGS. See online help for details.
                 C:\Program Files (x86)\Microsoft Visual Studio 12.0\VC\include\string.h(112) : see declaration of 'strcpy'
     1>HParm.c(2843): warning C4996: 'strcpy': This function or variable may be unsafe. Consider using strcpy_s instead. To disable deprecation, use _CRT_SECURE_NO_WARNINGS. See online help for details.
                 C:\Program Files (x86)\Microsoft Visual Studio 12.0\VC\include\string.h(112) : see declaration of 'strcpy'
     1>HParm.c(2845): warning C4996: 'strcpy': This function or variable may be unsafe. Consider using strcpy_s instead. To disable deprecation, use _CRT_SECURE_NO_WARNINGS. See online help for details.
                 C:\Program Files (x86)\Microsoft Visual Studio 12.0\VC\include\string.h(112) : see declaration of 'strcpy'
     1>HParm.c(2847): warning C4996: 'strcat': This function or variable may be unsafe. Consider using strcat_s instead. To disable deprecation, use _CRT_SECURE_NO_WARNINGS. See online help for details.
                 C:\Program Files (x86)\Microsoft Visual Studio 12.0\VC\include\string.h(118) : see declaration of 'strcat'
     1>HParm.c(2849): warning C4996: 'sprintf': This function or variable may be unsafe. Consider using sprintf_s instead. To disable deprecation, use _CRT_SECURE_NO_WARNINGS. See online help for details.
                 C:\Program Files (x86)\Microsoft Visual Studio 12.0\VC\include\stdio.h(356) : see declaration of 'sprintf'
     1>HParm.c(2873): warning C4996: 'sprintf': This function or variable may be unsafe. Consider using sprintf_s instead. To disable deprecation, use _CRT_SECURE_NO_WARNINGS. See online help for details.
                 C:\Program Files (x86)\Microsoft Visual Studio 12.0\VC\include\stdio.h(356) : see declaration of 'sprintf'
     1>HParm.c(2874): warning C4267: '=' : conversion from 'size_t' to 'int', possible loss of data
     1>HParm.c(2875): warning C4996: 'strcat': This function or variable may be unsafe. Consider using strcat_s instead. To disable deprecation, use _CRT_SECURE_NO_WARNINGS. See online help for details.
                 C:\Program Files (x86)\Microsoft Visual Studio 12.0\VC\include\string.h(118) : see declaration of 'strcat'
     1>HParm.c(2885): warning C4996: 'sprintf': This function or variable may be unsafe. Consider using sprintf_s instead. To disable deprecation, use _CRT_SECURE_NO_WARNINGS. See online help for details.
                 C:\Program Files (x86)\Microsoft Visual Studio 12.0\VC\include\stdio.h(356) : see declaration of 'sprintf'
     1>HParm.c(2886): warning C4996: 'sprintf': This function or variable may be unsafe. Consider using sprintf_s instead. To disable deprecation, use _CRT_SECURE_NO_WARNINGS. See online help for details.
                 C:\Program Files (x86)\Microsoft Visual Studio 12.0\VC\include\stdio.h(356) : see declaration of 'sprintf'
     1>HParm.c(2887): warning C4996: 'strcpy': This function or variable may be unsafe. Consider using strcpy_s instead. To disable deprecation, use _CRT_SECURE_NO_WARNINGS. See online help for details.
                 C:\Program Files (x86)\Microsoft Visual Studio 12.0\VC\include\string.h(112) : see declaration of 'strcpy'
     1>HParm.c(2889): warning C4267: '=' : conversion from 'size_t' to 'int', possible loss of data
     1>HParm.c(2890): warning C4996: 'strcat': This function or variable may be unsafe. Consider using strcat_s instead. To disable deprecation, use _CRT_SECURE_NO_WARNINGS. See online help for details.
                 C:\Program Files (x86)\Microsoft Visual Studio 12.0\VC\include\string.h(118) : see declaration of 'strcat'
     1>HParm.c(3031): warning C4996: 'strcpy': This function or variable may be unsafe. Consider using strcpy_s instead. To disable deprecation, use _CRT_SECURE_NO_WARNINGS. See online help for details.
                 C:\Program Files (x86)\Microsoft Visual Studio 12.0\VC\include\string.h(112) : see declaration of 'strcpy'
     1>HParm.c(3106): warning C4996: 'strcpy': This function or variable may be unsafe. Consider using strcpy_s instead. To disable deprecation, use _CRT_SECURE_NO_WARNINGS. See online help for details.
                 C:\Program Files (x86)\Microsoft Visual Studio 12.0\VC\include\string.h(112) : see declaration of 'strcpy'
     1>HParm.c(3401): warning C4996: 'strncpy': This function or variable may be unsafe. Consider using strncpy_s instead. To disable deprecation, use _CRT_SECURE_NO_WARNINGS. See online help for details.
                 C:\Program Files (x86)\Microsoft Visual Studio 12.0\VC\include\string.h(195) : see declaration of 'strncpy'
     1>HParm.c(3719): warning C4244: '=' : conversion from 'double' to 'float', possible loss of data
     1>HParm.c(3722): warning C4244: '=' : conversion from 'double' to 'float', possible loss of data
     1>HParm.c(4186): warning C4101: 'info' : unreferenced local variable
     1>HParm.c(4796): warning C4244: '=' : conversion from 'double' to 'float', possible loss of data
     1>HParm.c(4797): warning C4244: '=' : conversion from 'double' to 'float', possible loss of data
     1>HParm.c(4862): warning C4267: '=' : conversion from 'size_t' to 'short', possible loss of data
     1>HParm.c(4864): warning C4267: '=' : conversion from 'size_t' to 'short', possible loss of data
     1>HParm.c(4874): warning C4267: '=' : conversion from 'size_t' to 'short', possible loss of data
     1>HParm.c(4985): warning C4267: '=' : conversion from 'size_t' to 'short', possible loss of data
     1>HParm.c(4987): warning C4267: '=' : conversion from 'size_t' to 'short', possible loss of data
     1>HParm.c(4997): warning C4267: '=' : conversion from 'size_t' to 'short', possible loss of data
     1>HParm.c(4963): warning C4101: 'isPipe' : unreferenced local variable
     1>HParm.c(4961): warning C4101: 'f' : unreferenced local variable
     1>HParm.c(4966): warning C4101: 'buf' : unreferenced local variable
         HMem.c
     1>HMem.c(165): warning C4267: '=' : conversion from 'size_t' to 'int', possible loss of data
     1>HMem.c(170): warning C4267: '=' : conversion from 'size_t' to 'int', possible loss of data
     1>HMem.c(181): warning C4267: '=' : conversion from 'size_t' to 'int', possible loss of data
     1>HMem.c(239): warning C4996: 'strcpy': This function or variable may be unsafe. Consider using strcpy_s instead. To disable deprecation, use _CRT_SECURE_NO_WARNINGS. See online help for details.
                 C:\Program Files (x86)\Microsoft Visual Studio 12.0\VC\include\string.h(112) : see declaration of 'strcpy'
     1>HMem.c(1010): warning C4996: 'strcpy': This function or variable may be unsafe. Consider using strcpy_s instead. To disable deprecation, use _CRT_SECURE_NO_WARNINGS. See online help for details.
                 C:\Program Files (x86)\Microsoft Visual Studio 12.0\VC\include\string.h(112) : see declaration of 'strcpy'
         HMath.c
     1>HMath.c(353): warning C4244: '=' : conversion from 'double' to 'float', possible loss of data
     1>HMath.c(583): warning C4244: '=' : conversion from 'double' to 'float', possible loss of data
     1>HMath.c(584): warning C4244: '+=' : conversion from 'double' to 'LogFloat', possible loss of data
     1>HMath.c(589): warning C4244: 'return' : conversion from 'double' to 'LogFloat', possible loss of data
     1>HMath.c(603): warning C4244: '+=' : conversion from 'double' to 'LogFloat', possible loss of data
     1>HMath.c(607): warning C4244: 'return' : conversion from 'double' to 'LogFloat', possible loss of data
     1>HMath.c(1258): warning C4244: '=' : conversion from 'double' to 'float', possible loss of data
     1>HMath.c(1264): warning C4244: '=' : conversion from 'double' to 'float', possible loss of data
     1>HMath.c(1270): warning C4244: '=' : conversion from 'double' to 'float', possible loss of data
     1>HMath.c(1287): warning C4244: '*=' : conversion from 'double' to 'float', possible loss of data
     1>HMath.c(1306): warning C4244: '=' : conversion from 'int' to 'float', possible loss of data
     1>HMath.c(1409): warning C4244: '=' : conversion from 'double' to 'float', possible loss of data
     1>HMath.c(1415): warning C4244: '=' : conversion from 'double' to 'float', possible loss of data
     1>HMath.c(1441): warning C4244: '=' : conversion from 'int' to 'float', possible loss of data
     1>HMath.c(1547): warning C4244: '=' : conversion from 'int' to 'float', possible loss of data
     1>HMath.c(1549): warning C4244: '*=' : conversion from 'double' to 'float', possible loss of data
     1>HMath.c(1556): warning C4244: '=' : conversion from 'double' to 'float', possible loss of data
     1>HMath.c(1665): warning C4244: '=' : conversion from 'double' to 'float', possible loss of data
     1>HMath.c(1668): warning C4244: 'return' : conversion from 'double' to 'float', possible loss of data
         HAudio.c
     1>HAudio.c(369): warning C4244: '=' : conversion from 'double' to 'float', possible loss of data
     1>HAudio.c(378): warning C4244: '=' : conversion from 'double' to 'float', possible loss of data
     1>HAudio.c(1815): warning C4390: ';' : empty controlled statement found; is this the intent?
     1>HAudio.c(2164): warning C4101: 'c' : unreferenced local variable
     1>HAudio.c(2350): warning C4244: '=' : conversion from 'double' to 'float', possible loss of data
         get_f0.cpp
         get_cands.cpp
         F0Extraction.cpp
     1>d:\code\hdnnlib\hdnnlib\f0extraction\HCopy.h(114): warning C4267: 'initializing' : conversion from 'size_t' to 'short', possible loss of data
     1>d:\code\hdnnlib\hdnnlib\f0extraction\HCopy.h(123): warning C4996: 'strncpy': This function or variable may be unsafe. Consider using strncpy_s instead. To disable deprecation, use _CRT_SECURE_NO_WARNINGS. See online help for details.
                 C:\Program Files (x86)\Microsoft Visual Studio 12.0\VC\include\string.h(195) : see declaration of 'strncpy'
     1>d:\code\hdnnlib\hdnnlib\f0extraction\HCopy.h(211): warning C4267: '+=' : conversion from 'size_t' to 'int', possible loss of data
     1>F0Extraction.cpp(23): warning C4101: 'j' : unreferenced local variable
     1>F0Extraction.cpp(95): warning C4101: 'e' : unreferenced local variable
         dp_f0.cpp
         Generating Code...
     1>d:\code\hdnnlib\hdnnlib\f0extraction\hvq.c(205): warning C4700: uninitialized local variable 'cov' used
       Link:
         C:\Program Files (x86)\Microsoft Visual Studio 12.0\VC\bin\x86_amd64\link.exe /ERRORREPORT:PROMPT /OUT:"D:\code\HDNNLib\HDNNLib\x64\Debug\F0Extraction.dll" /INCREMENTAL /NOLOGO kernel32.lib user32.lib gdi32.lib winspool.lib comdlg32.lib advapi32.lib shell32.lib ole32.lib oleaut32.lib uuid.lib odbc32.lib odbccp32.lib /MANIFEST /MANIFESTUAC:"level='asInvoker' uiAccess='false'" /manifest:embed /DEBUG /PDB:"D:\code\HDNNLib\HDNNLib\x64\Debug\F0Extraction.pdb" /SUBSYSTEM:WINDOWS /TLBID:1 /DYNAMICBASE /NXCOMPAT /IMPLIB:"D:\code\HDNNLib\HDNNLib\x64\Debug\F0Extraction.lib" /MACHINE:X64 /DLL x64\Debug\dp_f0.obj
         x64\Debug\F0Extraction.obj
         x64\Debug\get_cands.obj
         x64\Debug\get_f0.obj
         x64\Debug\HAudio.obj
         x64\Debug\HMath.obj
         x64\Debug\HMem.obj
         x64\Debug\HParm.obj
         x64\Debug\HShell.obj
         x64\Debug\HSigP.obj
         x64\Debug\HVQ.obj
         x64\Debug\HWave.obj
         x64\Debug\sigproc.obj
            Creating library D:\code\HDNNLib\HDNNLib\x64\Debug\F0Extraction.lib and object D:\code\HDNNLib\HDNNLib\x64\Debug\F0Extraction.exp
         F0Extraction.vcxproj -> D:\code\HDNNLib\HDNNLib\x64\Debug\F0Extraction.dll
       BscMake:
         C:\Program Files (x86)\Microsoft Visual Studio 12.0\VC\bin\bscmake.exe /nologo /o"D:\code\HDNNLib\HDNNLib\x64\Debug\F0Extraction.bsc" /n x64\Debug\dp_f0.sbr x64\Debug\F0Extraction.sbr x64\Debug\get_cands.sbr x64\Debug\get_f0.sbr x64\Debug\HAudio.sbr x64\Debug\HMath.sbr x64\Debug\HMem.sbr x64\Debug\HParm.sbr x64\Debug\HShell.sbr x64\Debug\HSigP.sbr x64\Debug\HVQ.sbr x64\Debug\HWave.sbr x64\Debug\sigproc.sbr
     1>Done Building Project "D:\code\HDNNLib\HDNNLib\F0Extraction\F0Extraction.vcxproj" (Rebuild target(s)).

Build succeeded.

Time Elapsed 00:00:09.94
