d:\code\hdnnlib\hdnnlib\x64\debug\f0extraction.bsc
d:\code\hdnnlib\hdnnlib\f0extraction\x64\debug\vc120.pdb
d:\code\hdnnlib\hdnnlib\f0extraction\x64\debug\vc120.idb
d:\code\hdnnlib\hdnnlib\f0extraction\x64\debug\sigproc.sbr
d:\code\hdnnlib\hdnnlib\f0extraction\x64\debug\hwave.sbr
d:\code\hdnnlib\hdnnlib\f0extraction\x64\debug\hvq.sbr
d:\code\hdnnlib\hdnnlib\f0extraction\x64\debug\hsigp.sbr
d:\code\hdnnlib\hdnnlib\f0extraction\x64\debug\hshell.sbr
d:\code\hdnnlib\hdnnlib\f0extraction\x64\debug\hparm.sbr
d:\code\hdnnlib\hdnnlib\f0extraction\x64\debug\hmem.sbr
d:\code\hdnnlib\hdnnlib\f0extraction\x64\debug\hmath.sbr
d:\code\hdnnlib\hdnnlib\f0extraction\x64\debug\haudio.sbr
d:\code\hdnnlib\hdnnlib\f0extraction\x64\debug\get_f0.sbr
d:\code\hdnnlib\hdnnlib\f0extraction\x64\debug\get_cands.sbr
d:\code\hdnnlib\hdnnlib\f0extraction\x64\debug\f0extraction.sbr
d:\code\hdnnlib\hdnnlib\f0extraction\x64\debug\dp_f0.sbr
d:\code\hdnnlib\hdnnlib\f0extraction\x64\debug\dp_f0.obj
d:\code\hdnnlib\hdnnlib\f0extraction\x64\debug\f0extraction.obj
d:\code\hdnnlib\hdnnlib\f0extraction\x64\debug\get_cands.obj
d:\code\hdnnlib\hdnnlib\f0extraction\x64\debug\get_f0.obj
d:\code\hdnnlib\hdnnlib\f0extraction\x64\debug\haudio.obj
d:\code\hdnnlib\hdnnlib\f0extraction\x64\debug\hmath.obj
d:\code\hdnnlib\hdnnlib\f0extraction\x64\debug\hmem.obj
d:\code\hdnnlib\hdnnlib\f0extraction\x64\debug\hparm.obj
d:\code\hdnnlib\hdnnlib\f0extraction\x64\debug\hshell.obj
d:\code\hdnnlib\hdnnlib\f0extraction\x64\debug\hsigp.obj
d:\code\hdnnlib\hdnnlib\f0extraction\x64\debug\hvq.obj
d:\code\hdnnlib\hdnnlib\f0extraction\x64\debug\hwave.obj
d:\code\hdnnlib\hdnnlib\f0extraction\x64\debug\sigproc.obj
d:\code\hdnnlib\hdnnlib\x64\debug\f0extraction.lib
d:\code\hdnnlib\hdnnlib\x64\debug\f0extraction.exp
d:\code\hdnnlib\hdnnlib\x64\debug\f0extraction.ilk
d:\code\hdnnlib\hdnnlib\x64\debug\f0extraction.dll
d:\code\hdnnlib\hdnnlib\x64\debug\f0extraction.pdb
d:\code\hdnnlib\hdnnlib\f0extraction\x64\debug\f0extraction.tlog\bscmake.command.1.tlog
d:\code\hdnnlib\hdnnlib\f0extraction\x64\debug\f0extraction.tlog\bscmake.read.1.tlog
d:\code\hdnnlib\hdnnlib\f0extraction\x64\debug\f0extraction.tlog\bscmake.write.1.tlog
d:\code\hdnnlib\hdnnlib\f0extraction\x64\debug\f0extraction.tlog\cl.command.1.tlog
d:\code\hdnnlib\hdnnlib\f0extraction\x64\debug\f0extraction.tlog\cl.read.1.tlog
d:\code\hdnnlib\hdnnlib\f0extraction\x64\debug\f0extraction.tlog\cl.write.1.tlog
d:\code\hdnnlib\hdnnlib\f0extraction\x64\debug\f0extraction.tlog\f0extraction.write.1u.tlog
d:\code\hdnnlib\hdnnlib\f0extraction\x64\debug\f0extraction.tlog\link.command.1.tlog
d:\code\hdnnlib\hdnnlib\f0extraction\x64\debug\f0extraction.tlog\link.read.1.tlog
d:\code\hdnnlib\hdnnlib\f0extraction\x64\debug\f0extraction.tlog\link.write.1.tlog
