d:\code\hdnnlib\hdnnlib\dnn_hmm\x64\debug\vc120.pdb
d:\code\hdnnlib\hdnnlib\dnn_hmm\x64\debug\vc120.idb
d:\code\hdnnlib\hdnnlib\dnn_hmm\x64\debug\commonfunc.obj
d:\code\hdnnlib\hdnnlib\dnn_hmm\x64\debug\decode.obj
d:\code\hdnnlib\hdnnlib\dnn_hmm\x64\debug\hmm.obj
d:\code\hdnnlib\hdnnlib\dnn_hmm\x64\debug\languagemodel.obj
d:\code\hdnnlib\hdnnlib\dnn_hmm\x64\debug\monophonealignment.obj
d:\code\hdnnlib\hdnnlib\dnn_hmm\x64\debug\monophonerecognition.obj
d:\code\hdnnlib\hdnnlib\dnn_hmm\x64\debug\phone.obj
d:\code\hdnnlib\hdnnlib\dnn_hmm\x64\debug\ppscore.obj
d:\code\hdnnlib\hdnnlib\dnn_hmm\x64\debug\state.obj
d:\code\hdnnlib\hdnnlib\dnn_hmm\x64\debug\transgraph.obj
d:\code\hdnnlib\hdnnlib\dnn_hmm\x64\debug\triphonealignment.obj
d:\code\hdnnlib\hdnnlib\dnn_hmm\x64\debug\triphonerecognition.obj
d:\code\hdnnlib\hdnnlib\dnn_hmm\x64\debug\word.obj
d:\code\hdnnlib\hdnnlib\dnn_hmm\x64\debug\fileutil.obj
d:\code\hdnnlib\hdnnlib\dnn_hmm\x64\debug\hdnnlib.obj
d:\code\hdnnlib\hdnnlib\x64\debug\dnn_hmm.lib
d:\code\hdnnlib\hdnnlib\x64\debug\dnn_hmm.exp
d:\code\hdnnlib\hdnnlib\x64\debug\dnn_hmm.ilk
d:\code\hdnnlib\hdnnlib\x64\debug\dnn_hmm.dll
d:\code\hdnnlib\hdnnlib\x64\debug\dnn_hmm.pdb
d:\code\hdnnlib\hdnnlib\dnn_hmm\x64\debug\dnn_hmm.tlog\cl.command.1.tlog
d:\code\hdnnlib\hdnnlib\dnn_hmm\x64\debug\dnn_hmm.tlog\cl.read.1.tlog
d:\code\hdnnlib\hdnnlib\dnn_hmm\x64\debug\dnn_hmm.tlog\cl.write.1.tlog
d:\code\hdnnlib\hdnnlib\dnn_hmm\x64\debug\dnn_hmm.tlog\dnn_hmm.write.1u.tlog
d:\code\hdnnlib\hdnnlib\dnn_hmm\x64\debug\dnn_hmm.tlog\link.command.1.tlog
d:\code\hdnnlib\hdnnlib\dnn_hmm\x64\debug\dnn_hmm.tlog\link.read.1.tlog
d:\code\hdnnlib\hdnnlib\dnn_hmm\x64\debug\dnn_hmm.tlog\link.write.1.tlog
