d:\code\hdnnlib\hdnnlib\featureextraction\x64\release\vc120.pdb
d:\code\hdnnlib\hdnnlib\featureextraction\x64\release\hwave.obj
d:\code\hdnnlib\hdnnlib\featureextraction\x64\release\hvq.obj
d:\code\hdnnlib\hdnnlib\featureextraction\x64\release\hsigp.obj
d:\code\hdnnlib\hdnnlib\featureextraction\x64\release\hshell.obj
d:\code\hdnnlib\hdnnlib\featureextraction\x64\release\hparm.obj
d:\code\hdnnlib\hdnnlib\featureextraction\x64\release\hmem.obj
d:\code\hdnnlib\hdnnlib\featureextraction\x64\release\hmath.obj
d:\code\hdnnlib\hdnnlib\featureextraction\x64\release\haudio.obj
d:\code\hdnnlib\hdnnlib\featureextraction\x64\release\featureextraction.obj
d:\code\hdnnlib\hdnnlib\x64\release\featureextraction.lib
d:\code\hdnnlib\hdnnlib\x64\release\featureextraction.exp
d:\code\hdnnlib\hdnnlib\x64\release\featureextraction.dll
d:\code\hdnnlib\hdnnlib\x64\release\featureextraction.pdb
d:\code\hdnnlib\hdnnlib\featureextraction\x64\release\featuree.33c2833b.tlog\cl.command.1.tlog
d:\code\hdnnlib\hdnnlib\featureextraction\x64\release\featuree.33c2833b.tlog\cl.read.1.tlog
d:\code\hdnnlib\hdnnlib\featureextraction\x64\release\featuree.33c2833b.tlog\cl.write.1.tlog
d:\code\hdnnlib\hdnnlib\featureextraction\x64\release\featuree.33c2833b.tlog\featureextraction.write.1u.tlog
d:\code\hdnnlib\hdnnlib\featureextraction\x64\release\featuree.33c2833b.tlog\link.command.1.tlog
d:\code\hdnnlib\hdnnlib\featureextraction\x64\release\featuree.33c2833b.tlog\link.read.1.tlog
d:\code\hdnnlib\hdnnlib\featureextraction\x64\release\featuree.33c2833b.tlog\link.write.1.tlog
