d:\code\hdnnlib\hdnnlib\x64\debug\featureextraction.bsc
d:\code\hdnnlib\hdnnlib\featureextraction\x64\debug\vc120.pdb
d:\code\hdnnlib\hdnnlib\featureextraction\x64\debug\vc120.idb
d:\code\hdnnlib\hdnnlib\featureextraction\x64\debug\hwave.sbr
d:\code\hdnnlib\hdnnlib\featureextraction\x64\debug\hvq.sbr
d:\code\hdnnlib\hdnnlib\featureextraction\x64\debug\hsigp.sbr
d:\code\hdnnlib\hdnnlib\featureextraction\x64\debug\hshell.sbr
d:\code\hdnnlib\hdnnlib\featureextraction\x64\debug\hparm.sbr
d:\code\hdnnlib\hdnnlib\featureextraction\x64\debug\hmem.sbr
d:\code\hdnnlib\hdnnlib\featureextraction\x64\debug\hmath.sbr
d:\code\hdnnlib\hdnnlib\featureextraction\x64\debug\haudio.sbr
d:\code\hdnnlib\hdnnlib\featureextraction\x64\debug\featureextraction.sbr
d:\code\hdnnlib\hdnnlib\featureextraction\x64\debug\featureextraction.obj
d:\code\hdnnlib\hdnnlib\featureextraction\x64\debug\haudio.obj
d:\code\hdnnlib\hdnnlib\featureextraction\x64\debug\hmath.obj
d:\code\hdnnlib\hdnnlib\featureextraction\x64\debug\hmem.obj
d:\code\hdnnlib\hdnnlib\featureextraction\x64\debug\hparm.obj
d:\code\hdnnlib\hdnnlib\featureextraction\x64\debug\hshell.obj
d:\code\hdnnlib\hdnnlib\featureextraction\x64\debug\hsigp.obj
d:\code\hdnnlib\hdnnlib\featureextraction\x64\debug\hvq.obj
d:\code\hdnnlib\hdnnlib\featureextraction\x64\debug\hwave.obj
d:\code\hdnnlib\hdnnlib\x64\debug\featureextraction.lib
d:\code\hdnnlib\hdnnlib\x64\debug\featureextraction.exp
d:\code\hdnnlib\hdnnlib\x64\debug\featureextraction.ilk
d:\code\hdnnlib\hdnnlib\x64\debug\featureextraction.dll
d:\code\hdnnlib\hdnnlib\x64\debug\featureextraction.pdb
d:\code\hdnnlib\hdnnlib\featureextraction\x64\debug\featuree.33c2833b.tlog\bscmake.command.1.tlog
d:\code\hdnnlib\hdnnlib\featureextraction\x64\debug\featuree.33c2833b.tlog\bscmake.read.1.tlog
d:\code\hdnnlib\hdnnlib\featureextraction\x64\debug\featuree.33c2833b.tlog\bscmake.write.1.tlog
d:\code\hdnnlib\hdnnlib\featureextraction\x64\debug\featuree.33c2833b.tlog\cl.command.1.tlog
d:\code\hdnnlib\hdnnlib\featureextraction\x64\debug\featuree.33c2833b.tlog\cl.read.1.tlog
d:\code\hdnnlib\hdnnlib\featureextraction\x64\debug\featuree.33c2833b.tlog\cl.write.1.tlog
d:\code\hdnnlib\hdnnlib\featureextraction\x64\debug\featuree.33c2833b.tlog\featureextraction.write.1u.tlog
d:\code\hdnnlib\hdnnlib\featureextraction\x64\debug\featuree.33c2833b.tlog\link.command.1.tlog
d:\code\hdnnlib\hdnnlib\featureextraction\x64\debug\featuree.33c2833b.tlog\link.read.1.tlog
d:\code\hdnnlib\hdnnlib\featureextraction\x64\debug\featuree.33c2833b.tlog\link.write.1.tlog
