d:\code\hdnnlib\hdnnlib\dnn_hmm\x64\release\vc120.pdb
d:\code\hdnnlib\hdnnlib\dnn_hmm\x64\release\hdnnlib.obj
d:\code\hdnnlib\hdnnlib\dnn_hmm\x64\release\fileutil.obj
d:\code\hdnnlib\hdnnlib\dnn_hmm\x64\release\word.obj
d:\code\hdnnlib\hdnnlib\dnn_hmm\x64\release\triphonerecognition.obj
d:\code\hdnnlib\hdnnlib\dnn_hmm\x64\release\triphonealignment.obj
d:\code\hdnnlib\hdnnlib\dnn_hmm\x64\release\transgraph.obj
d:\code\hdnnlib\hdnnlib\dnn_hmm\x64\release\state.obj
d:\code\hdnnlib\hdnnlib\dnn_hmm\x64\release\ppscore.obj
d:\code\hdnnlib\hdnnlib\dnn_hmm\x64\release\phone.obj
d:\code\hdnnlib\hdnnlib\dnn_hmm\x64\release\monophonerecognition.obj
d:\code\hdnnlib\hdnnlib\dnn_hmm\x64\release\monophonealignment.obj
d:\code\hdnnlib\hdnnlib\dnn_hmm\x64\release\languagemodel.obj
d:\code\hdnnlib\hdnnlib\dnn_hmm\x64\release\hmm.obj
d:\code\hdnnlib\hdnnlib\dnn_hmm\x64\release\decode.obj
d:\code\hdnnlib\hdnnlib\dnn_hmm\x64\release\commonfunc.obj
d:\code\hdnnlib\hdnnlib\x64\release\dnn_hmm.lib
d:\code\hdnnlib\hdnnlib\x64\release\dnn_hmm.exp
d:\code\hdnnlib\hdnnlib\x64\release\dnn_hmm.dll
d:\code\hdnnlib\hdnnlib\x64\release\dnn_hmm.pdb
d:\code\hdnnlib\hdnnlib\dnn_hmm\x64\release\dnn_hmm.tlog\cl.command.1.tlog
d:\code\hdnnlib\hdnnlib\dnn_hmm\x64\release\dnn_hmm.tlog\cl.read.1.tlog
d:\code\hdnnlib\hdnnlib\dnn_hmm\x64\release\dnn_hmm.tlog\cl.write.1.tlog
d:\code\hdnnlib\hdnnlib\dnn_hmm\x64\release\dnn_hmm.tlog\dnn_hmm.write.1u.tlog
d:\code\hdnnlib\hdnnlib\dnn_hmm\x64\release\dnn_hmm.tlog\link.command.1.tlog
d:\code\hdnnlib\hdnnlib\dnn_hmm\x64\release\dnn_hmm.tlog\link.read.1.tlog
d:\code\hdnnlib\hdnnlib\dnn_hmm\x64\release\dnn_hmm.tlog\link.write.1.tlog
